<?xml version="1.0" encoding="UTF-8"?>
<testng-results ignored="0" total="1" passed="1" failed="0" skipped="0">
  <reporter-output>
  </reporter-output>
  <suite started-at="2023-08-24T14:56:00 IST" name="Default suite" finished-at="2023-08-24T14:56:22 IST" duration-ms="21781">
    <groups>
      <group name="cucumber">
        <method signature="AbstractTestNGCucumberTests.runScenario(io.cucumber.testng.PickleWrapper,io.cucumber.testng.FeatureWrapper)[pri:0, instance:runner.Flipkart@3cebbb30]" name="runScenario" class="io.cucumber.testng.AbstractTestNGCucumberTests"/>
      </group> <!-- cucumber -->
    </groups>
    <test started-at="2023-08-24T14:56:00 IST" name="Default test" finished-at="2023-08-24T14:56:22 IST" duration-ms="21781">
      <class name="runner.Flipkart">
        <test-method is-config="true" signature="setUpClass()[pri:0, instance:runner.Flipkart@3cebbb30]" started-at="2023-08-24T14:56:00 IST" name="setUpClass" finished-at="2023-08-24T14:56:00 IST" duration-ms="314" status="PASS">
          <reporter-output>
          </reporter-output>
        </test-method> <!-- setUpClass -->
        <test-method signature="runScenario(io.cucumber.testng.PickleWrapper,io.cucumber.testng.FeatureWrapper)[pri:0, instance:runner.Flipkart@3cebbb30]" started-at="2023-08-24T14:56:00 IST" name="runScenario" description="Runs Cucumber Scenarios" data-provider="scenarios" finished-at="2023-08-24T14:56:22 IST" duration-ms="21331" status="PASS">
          <params>
            <param index="0">
              <value>
                <![CDATA["Flipkart search a product and add to cart"]]>
              </value>
            </param>
            <param index="1">
              <value>
                <![CDATA["Optional[feature to search a product from flipcart and add the product to cart]"]]>
              </value>
            </param>
          </params>
          <reporter-output>
          </reporter-output>
        </test-method> <!-- runScenario -->
        <test-method is-config="true" signature="tearDownClass()[pri:0, instance:runner.Flipkart@3cebbb30]" started-at="2023-08-24T14:56:22 IST" name="tearDownClass" finished-at="2023-08-24T14:56:22 IST" duration-ms="99" status="PASS">
          <reporter-output>
          </reporter-output>
        </test-method> <!-- tearDownClass -->
      </class> <!-- runner.Flipkart -->
    </test> <!-- Default test -->
  </suite> <!-- Default suite -->
</testng-results>
